<?xml version="1.0" encoding="UTF-8"?>
<!-- Generated by org.testng.reporters.JUnitReportReporter -->
<testsuite hostname="LTIN268674" failures="0" tests="6" name="TestCases.Surgeries_TestCases" time="20.099" errors="0" timestamp="2024-03-08T15:40:14 IST" skipped="0">
  <testcase classname="TestCases.Surgeries_TestCases" name="TC_010_clickSurgery" time="5.310"/>
  <system-out/>
  <testcase classname="TestCases.Surgeries_TestCases" name="TC_010_clickSurgery" time="2.022"/>
  <system-out/>
  <testcase classname="TestCases.Surgeries_TestCases" name="TC_011_veryfingDirectedtoSurgeryPage" time="0.147"/>
  <system-out/>
  <testcase classname="TestCases.Surgeries_TestCases" name="TC_011_veryfingDirectedtoSurgeryPage" time="0.073"/>
  <system-out/>
  <testcase classname="TestCases.Surgeries_TestCases" name="TC_012_allPossibleSurgery" time="6.325"/>
  <system-out/>
  <testcase classname="TestCases.Surgeries_TestCases" name="TC_012_allPossibleSurgery" time="6.222"/>
  <system-out/>
</testsuite> <!-- TestCases.Surgeries_TestCases -->
