<?xml version="1.0" encoding="UTF-8"?>
<!-- Generated by org.testng.reporters.JUnitReportReporter -->
<testsuite hostname="LTIN268674" failures="0" tests="9" name="TestCases.FindDoctors_TestCases" time="218.828" errors="0" timestamp="2024-03-05T15:40:09 IST" skipped="0">
  <testcase classname="TestCases.FindDoctors_TestCases" name="TC_001_findDoctors" time="32.211"/>
  <system-out/>
  <testcase classname="TestCases.FindDoctors_TestCases" name="TC_002_selectLocation" time="2.801"/>
  <system-out/>
  <testcase classname="TestCases.FindDoctors_TestCases" name="TC_003_selectProfession" time="35.055"/>
  <system-out/>
  <testcase classname="TestCases.FindDoctors_TestCases" name="TC_004_selectStory" time="3.302"/>
  <system-out/>
  <testcase classname="TestCases.FindDoctors_TestCases" name="TC_005_doctorExperience" time="34.847"/>
  <system-out/>
  <testcase classname="TestCases.FindDoctors_TestCases" name="TC_006_selectingDoctorFees" time="52.657"/>
  <system-out/>
  <testcase classname="TestCases.FindDoctors_TestCases" name="TC_007_selectingDoctorsAvailability" time="5.287"/>
  <system-out/>
  <testcase classname="TestCases.FindDoctors_TestCases" name="TC_008_selectingSortBy" time="43.333"/>
  <system-out/>
  <testcase classname="TestCases.FindDoctors_TestCases" name="TC_009_topFiveDoctorDetails" time="9.335"/>
  <system-out/>
</testsuite> <!-- TestCases.FindDoctors_TestCases -->
