<?xml version="1.0" encoding="UTF-8"?>
<!-- Generated by org.testng.reporters.JUnitReportReporter -->
<testsuite hostname="LTIN268674" failures="0" tests="12" name="TestCases.HealthandWellness_TestCases" time="180.166" errors="0" timestamp="2024-03-08T15:40:14 IST" skipped="0">
  <testcase classname="TestCases.HealthandWellness_TestCases" name="TC_013_navigatingToHealthAndWellness" time="25.902"/>
  <system-out/>
  <testcase classname="TestCases.HealthandWellness_TestCases" name="TC_013_navigatingToHealthAndWellness" time="39.444"/>
  <system-out/>
  <testcase classname="TestCases.HealthandWellness_TestCases" name="TC_014_verifyingDirectedtoHealthAndWellnessPase" time="0.023"/>
  <system-out/>
  <testcase classname="TestCases.HealthandWellness_TestCases" name="TC_014_verifyingDirectedtoHealthAndWellnessPase" time="0.013"/>
  <system-out/>
  <testcase classname="TestCases.HealthandWellness_TestCases" name="TC_015_fillformWithInvalidNumber" time="2.568"/>
  <system-out/>
  <testcase classname="TestCases.HealthandWellness_TestCases" name="TC_015_fillformWithInvalidNumber" time="2.241"/>
  <system-out/>
  <testcase classname="TestCases.HealthandWellness_TestCases" name="TC_016_fillingformWithInvalidEmail" time="3.502"/>
  <system-out/>
  <testcase classname="TestCases.HealthandWellness_TestCases" name="TC_016_fillingformWithInvalidEmail" time="3.371"/>
  <system-out/>
  <testcase classname="TestCases.HealthandWellness_TestCases" name="TC_017_fillingFormWithValidInput" time="2.975"/>
  <system-out/>
  <testcase classname="TestCases.HealthandWellness_TestCases" name="TC_017_fillingFormWithValidInput" time="2.937"/>
  <system-out/>
  <testcase classname="TestCases.HealthandWellness_TestCases" name="TC_018_validatingThankYou" time="48.414"/>
  <system-out/>
  <testcase classname="TestCases.HealthandWellness_TestCases" name="TC_018_validatingThankYou" time="48.776"/>
  <system-out/>
</testsuite> <!-- TestCases.HealthandWellness_TestCases -->
