<?xml version="1.0" encoding="UTF-8"?>
<!-- Generated by org.testng.reporters.JUnitReportReporter -->
<testsuite hostname="LTIN268674" failures="0" tests="3" name="TestCases.Surgeries_TestCases" time="9.267" errors="0" timestamp="2024-03-05T15:40:09 IST" skipped="0">
  <testcase classname="TestCases.Surgeries_TestCases" name="TC_010_clickSurgery" time="3.342"/>
  <system-out/>
  <testcase classname="TestCases.Surgeries_TestCases" name="TC_011_veryfingDirectedtoSurgeryPage" time="0.085"/>
  <system-out/>
  <testcase classname="TestCases.Surgeries_TestCases" name="TC_012_allPossibleSurgery" time="5.840"/>
  <system-out/>
</testsuite> <!-- TestCases.Surgeries_TestCases -->
