<?xml version="1.0" encoding="UTF-8"?>
<!-- Generated by org.testng.reporters.JUnitReportReporter -->
<testsuite hostname="LTIN268674" failures="0" tests="18" name="TestCases.FindDoctors_TestCases" time="358.220" errors="0" timestamp="2024-03-08T15:40:14 IST" skipped="0">
  <testcase classname="TestCases.FindDoctors_TestCases" name="TC_001_findDoctors" time="32.066"/>
  <system-out/>
  <testcase classname="TestCases.FindDoctors_TestCases" name="TC_001_findDoctors" time="2.842"/>
  <system-out/>
  <testcase classname="TestCases.FindDoctors_TestCases" name="TC_002_selectLocation" time="2.788"/>
  <system-out/>
  <testcase classname="TestCases.FindDoctors_TestCases" name="TC_002_selectLocation" time="3.178"/>
  <system-out/>
  <testcase classname="TestCases.FindDoctors_TestCases" name="TC_003_selectProfession" time="5.202"/>
  <system-out/>
  <testcase classname="TestCases.FindDoctors_TestCases" name="TC_003_selectProfession" time="47.526"/>
  <system-out/>
  <testcase classname="TestCases.FindDoctors_TestCases" name="TC_004_selectStory" time="3.304"/>
  <system-out/>
  <testcase classname="TestCases.FindDoctors_TestCases" name="TC_004_selectStory" time="3.313"/>
  <system-out/>
  <testcase classname="TestCases.FindDoctors_TestCases" name="TC_005_doctorExperience" time="57.789"/>
  <system-out/>
  <testcase classname="TestCases.FindDoctors_TestCases" name="TC_005_doctorExperience" time="5.320"/>
  <system-out/>
  <testcase classname="TestCases.FindDoctors_TestCases" name="TC_006_selectingDoctorFees" time="33.881"/>
  <system-out/>
  <testcase classname="TestCases.FindDoctors_TestCases" name="TC_006_selectingDoctorFees" time="5.289"/>
  <system-out/>
  <testcase classname="TestCases.FindDoctors_TestCases" name="TC_007_selectingDoctorsAvailability" time="33.796"/>
  <system-out/>
  <testcase classname="TestCases.FindDoctors_TestCases" name="TC_007_selectingDoctorsAvailability" time="32.894"/>
  <system-out/>
  <testcase classname="TestCases.FindDoctors_TestCases" name="TC_008_selectingSortBy" time="67.436"/>
  <system-out/>
  <testcase classname="TestCases.FindDoctors_TestCases" name="TC_008_selectingSortBy" time="6.883"/>
  <system-out/>
  <testcase classname="TestCases.FindDoctors_TestCases" name="TC_009_topFiveDoctorDetails" time="9.011"/>
  <system-out/>
  <testcase classname="TestCases.FindDoctors_TestCases" name="TC_009_topFiveDoctorDetails" time="5.702"/>
  <system-out/>
</testsuite> <!-- TestCases.FindDoctors_TestCases -->
